<?xml version="1.0" encoding="UTF-8"?>
<!-- Generated by org.testng.reporters.JUnitXMLReporter -->
<testsuite ignored="0" hostname="DESKTOP-N13ARBV" failures="0" tests="4" name="Default test" time="9.565" errors="0" timestamp="2023-03-10T13:04:19 IST">
  <testcase classname="com.petstore.Petstore_Test3" name="createUser" time="3.492"/>
  <testcase classname="com.petstore.Petstore_Test3" name="getUserByName" time="1.884"/>
  <testcase classname="com.petstore.Petstore_Test3" name="updateUser" time="1.625"/>
  <testcase classname="com.petstore.Petstore_Test3" name="deleteUser" time="1.897"/>
</testsuite> <!-- Default test -->
