<?xml version="1.0" encoding="UTF-8"?>
<testng-results ignored="0" total="1" passed="1" failed="0" skipped="0">
  <reporter-output>
  </reporter-output>
  <suite started-at="2023-03-14T11:19:40 IST" name="Default suite" finished-at="2023-03-14T11:20:24 IST" duration-ms="44491">
    <groups>
    </groups>
    <test started-at="2023-03-14T11:19:40 IST" name="Default test" finished-at="2023-03-14T11:20:24 IST" duration-ms="44491">
      <class name="Appium.appuimnew.SmokeTest">
        <test-method is-config="true" signature="setdevice()[pri:0, instance:Appium.appuimnew.SmokeTest@1ea9f6af]" started-at="2023-03-14T11:19:18 IST" name="setdevice" finished-at="2023-03-14T11:19:40 IST" duration-ms="21549" status="PASS">
          <reporter-output>
          </reporter-output>
        </test-method> <!-- setdevice -->
        <test-method signature="firstSmokeMethod()[pri:0, instance:Appium.appuimnew.SmokeTest@1ea9f6af]" started-at="2023-03-14T11:19:40 IST" name="firstSmokeMethod" finished-at="2023-03-14T11:20:24 IST" duration-ms="44466" status="PASS">
          <reporter-output>
          </reporter-output>
        </test-method> <!-- firstSmokeMethod -->
        <test-method is-config="true" signature="quite()[pri:0, instance:Appium.appuimnew.SmokeTest@1ea9f6af]" started-at="2023-03-14T11:20:24 IST" name="quite" finished-at="2023-03-14T11:20:26 IST" duration-ms="1167" status="PASS">
          <reporter-output>
          </reporter-output>
        </test-method> <!-- quite -->
      </class> <!-- Appium.appuimnew.SmokeTest -->
    </test> <!-- Default test -->
  </suite> <!-- Default suite -->
</testng-results>
